build/app/intermediates/manifest_merge_blame_file/release/manifest-merger-blame-release-report.txt
1<?xml version="1.0" encoding="utf-8"?>
2<manifest xmlns:android="http://schemas.android.com/apk/res/android"
3    package="com.blizzex.user"
4    android:versionCode="1"
5    android:versionName="1.0.0" >
6
7    <uses-sdk
8        android:minSdkVersion="20"
8-->src\main\AndroidManifest.xml
9        android:targetSdkVersion="33" />
9-->src\main\AndroidManifest.xml
10
11    <queries>
11-->src\main\AndroidManifest.xml:4:5-29:17
12
13        <!-- If your app opens https URLs -->
14        <intent>
14-->src\main\AndroidManifest.xml:6:7-9:16
15            <action android:name="android.intent.action.VIEW" />
15-->src\main\AndroidManifest.xml:7:9-61
15-->src\main\AndroidManifest.xml:7:17-58
16
17            <data android:scheme="https" />
17-->src\main\AndroidManifest.xml:8:15-37
18        </intent>
19        <!-- If your app makes calls -->
20        <intent>
20-->src\main\AndroidManifest.xml:11:7-14:16
21            <action android:name="android.intent.action.DIAL" />
21-->src\main\AndroidManifest.xml:12:9-61
21-->src\main\AndroidManifest.xml:12:17-58
22
23            <data android:scheme="tel" />
23-->src\main\AndroidManifest.xml:8:15-37
24        </intent>
25        <!-- If your sends SMS messages -->
26        <intent>
26-->src\main\AndroidManifest.xml:16:7-19:16
27            <action android:name="android.intent.action.SENDTO" />
27-->src\main\AndroidManifest.xml:17:9-63
27-->src\main\AndroidManifest.xml:17:17-60
28
29            <data android:scheme="smsto" />
29-->src\main\AndroidManifest.xml:8:15-37
30        </intent>
31        <!-- If your app sends emails -->
32        <intent>
32-->src\main\AndroidManifest.xml:21:7-24:16
33            <action android:name="android.intent.action.SEND" />
33-->src\main\AndroidManifest.xml:22:9-61
33-->src\main\AndroidManifest.xml:22:17-58
34
35            <data android:mimeType="*/*" />
35-->src\main\AndroidManifest.xml:23:15-37
36        </intent>
37        <intent>
37-->src\main\AndroidManifest.xml:25:8-28:16
38            <action android:name="android.support.customtabs.action.CustomTabsService" />
38-->src\main\AndroidManifest.xml:26:9-27:69
38-->src\main\AndroidManifest.xml:26:17-97
39        </intent>
40        <!-- For browser content -->
41        <intent>
41-->[com.google.android.gms:play-services-ads-lite:22.0.0] AndroidManifest.xml:35:9-41:18
42            <action android:name="android.intent.action.VIEW" />
42-->src\main\AndroidManifest.xml:7:9-61
42-->src\main\AndroidManifest.xml:7:17-58
43
44            <category android:name="android.intent.category.BROWSABLE" />
44-->src\main\AndroidManifest.xml:104:17-78
44-->src\main\AndroidManifest.xml:104:27-75
45
46            <data android:scheme="https" />
46-->src\main\AndroidManifest.xml:8:15-37
47        </intent>
48    </queries>
49
50    <uses-permission android:name="android.permission.INTERNET" />
50-->src\main\AndroidManifest.xml:30:7-69
50-->src\main\AndroidManifest.xml:30:24-66
51    <uses-permission android:name="android.permission.WAKE_LOCK" />
51-->[:firebase_messaging] AndroidManifest.xml:10:5-68
51-->[:firebase_messaging] AndroidManifest.xml:10:22-65
52    <uses-permission android:name="android.permission.ACCESS_NETWORK_STATE" /> <!-- Permissions options for the `notification` group -->
52-->[:firebase_messaging] AndroidManifest.xml:11:5-79
52-->[:firebase_messaging] AndroidManifest.xml:11:22-76
53    <uses-permission android:name="android.permission.POST_NOTIFICATIONS" />
53-->[:firebase_messaging] AndroidManifest.xml:13:5-77
53-->[:firebase_messaging] AndroidManifest.xml:13:22-74
54    <uses-permission android:name="android.permission.RECEIVE_BOOT_COMPLETED" />
54-->[:flutter_local_notifications] AndroidManifest.xml:9:5-81
54-->[:flutter_local_notifications] AndroidManifest.xml:9:22-78
55    <uses-permission android:name="android.permission.VIBRATE" />
55-->[:flutter_local_notifications] AndroidManifest.xml:10:5-66
55-->[:flutter_local_notifications] AndroidManifest.xml:10:22-63
56    <uses-permission android:name="android.permission.USE_FULL_SCREEN_INTENT" />
56-->[:flutter_local_notifications] AndroidManifest.xml:11:5-81
56-->[:flutter_local_notifications] AndroidManifest.xml:11:22-78
57    <uses-permission android:name="android.permission.SCHEDULE_EXACT_ALARM" /> <!-- Required by older versions of Google Play services to create IID tokens -->
57-->[:flutter_local_notifications] AndroidManifest.xml:12:5-79
57-->[:flutter_local_notifications] AndroidManifest.xml:12:22-76
58    <uses-permission android:name="com.google.android.c2dm.permission.RECEIVE" />
58-->[com.google.firebase:firebase-messaging:23.2.0] AndroidManifest.xml:28:5-82
58-->[com.google.firebase:firebase-messaging:23.2.0] AndroidManifest.xml:28:22-79
59    <uses-permission android:name="com.google.android.gms.permission.AD_ID" />
59-->[com.google.android.gms:play-services-ads-lite:22.0.0] AndroidManifest.xml:26:5-79
59-->[com.google.android.gms:play-services-ads-lite:22.0.0] AndroidManifest.xml:26:22-76
60    <uses-permission android:name="android.permission.FOREGROUND_SERVICE" />
60-->[androidx.work:work-runtime:2.7.0] AndroidManifest.xml:28:5-77
60-->[androidx.work:work-runtime:2.7.0] AndroidManifest.xml:28:22-74
61
62    <permission
62-->[androidx.core:core:1.9.0] AndroidManifest.xml:22:5-24:47
63        android:name="com.blizzex.user.DYNAMIC_RECEIVER_NOT_EXPORTED_PERMISSION"
63-->[androidx.core:core:1.9.0] AndroidManifest.xml:23:9-81
64        android:protectionLevel="signature" />
64-->[androidx.core:core:1.9.0] AndroidManifest.xml:24:9-44
65
66    <uses-permission android:name="com.blizzex.user.DYNAMIC_RECEIVER_NOT_EXPORTED_PERMISSION" /> <!-- this is mandatory -->
66-->[androidx.core:core:1.9.0] AndroidManifest.xml:26:5-97
66-->[androidx.core:core:1.9.0] AndroidManifest.xml:26:22-94
67    <!-- uncomment required permissions here -->
68    <!-- start enable below 5 permissions for storage permission in Android 13 -->
69    <!--
70 <uses-permission android:name="android.permission.WRITE_EXTERNAL_STORAGE"/>
71      <uses-permission android:name="android.permission.READ_EXTERNAL_STORAGE"/>
72      <uses-permission android:name="android.permission.READ_MEDIA_IMAGES"/>
73    <uses-permission android:name="android.permission.READ_MEDIA_VIDEO"/>
74    <uses-permission android:name="android.permission.READ_MEDIA_AUDIO"/>
75    -->
76    <!-- end permission for storage in android 13 -->
77    <!-- <uses-permission android:name="android.permission.ACCESS_WIFI_STATE" /> -->
78    <!-- <uses-permission android:name="android.permission.CAMERA" /> -->
79    <!-- <uses-feature android:name="android.hardware.camera" /> -->
80    <!-- <uses-permission android:name="android.permission.RECORD_AUDIO" /> -->
81    <!-- <uses-permission android:name="android.permission.MODIFY_AUDIO_SETTINGS" /> -->
82    <!-- <uses-permission android:name="android.permission.VIDEO_CAPTURE" /> -->
83    <!-- <uses-permission android:name="android.permission.AUDIO_CAPTURE" /> -->
84    <!-- <uses-permission android:name="android.permission.BLUETOOTH" /> -->
85    <!-- <uses-permission android:name="android.permission.ACCESS_COARSE_LOCATION" /> -->
86    <!-- <uses-permission android:name="android.permission.ACCESS_FINE_LOCATION" /> -->
87    <!-- <uses-permission android:name="android.permission.ACCESS_BACKGROUND_LOCATION" /> -->
88    <!-- end  permissions from  list if using in your website -->
89    <application
90        android:name="android.app.Application"
90-->src\main\AndroidManifest.xml:60:9-42
91        android:appComponentFactory="androidx.core.app.CoreComponentFactory"
91-->[androidx.core:core:1.9.0] AndroidManifest.xml:28:18-86
92        android:icon="@mipmap/ic_launcher"
92-->src\main\AndroidManifest.xml:61:9-43
93        android:label="Blizzex"
93-->src\main\AndroidManifest.xml:59:9-32
94        android:requestLegacyExternalStorage="true"
94-->src\main\AndroidManifest.xml:63:9-52
95        android:usesCleartextTraffic="true" >
95-->src\main\AndroidManifest.xml:62:9-44
96
97        <!-- to allow file permission -->
98        <provider
99            android:name="com.pichillilorenzo.flutter_inappwebview.InAppWebViewFileProvider"
99-->src\main\AndroidManifest.xml:67:11-91
100            android:authorities="com.blizzex.user.flutter_inappwebview.fileprovider"
100-->src\main\AndroidManifest.xml:68:11-83
101            android:exported="false"
101-->src\main\AndroidManifest.xml:69:11-35
102            android:grantUriPermissions="true"
102-->src\main\AndroidManifest.xml:71:11-45
103            android:usesCleartextTraffic="true" >
103-->src\main\AndroidManifest.xml:70:11-46
104            <meta-data
104-->src\main\AndroidManifest.xml:72:11-74:56
105                android:name="android.support.FILE_PROVIDER_PATHS"
105-->src\main\AndroidManifest.xml:73:15-65
106                android:resource="@xml/provider_paths" />
106-->src\main\AndroidManifest.xml:74:15-53
107        </provider>
108
109        <activity
109-->src\main\AndroidManifest.xml:76:9-108:20
110            android:name="com.blizzex.user.MainActivity"
110-->src\main\AndroidManifest.xml:77:13-41
111            android:configChanges="orientation|keyboardHidden|keyboard|screenSize|smallestScreenSize|locale|layoutDirection|fontScale|screenLayout|density|uiMode"
111-->src\main\AndroidManifest.xml:81:13-163
112            android:exported="true"
112-->src\main\AndroidManifest.xml:78:13-36
113            android:hardwareAccelerated="true"
113-->src\main\AndroidManifest.xml:82:13-47
114            android:launchMode="singleTop"
114-->src\main\AndroidManifest.xml:79:13-43
115            android:theme="@style/LaunchTheme"
115-->src\main\AndroidManifest.xml:80:13-47
116            android:turnScreenOn="true"
116-->src\main\AndroidManifest.xml:85:13-40
117            android:windowSoftInputMode="adjustResize" >
117-->src\main\AndroidManifest.xml:83:13-55
118
119            <!--
120                 Specifies an Android theme to apply to this Activity as soon as
121                 the Android process has started. This theme is visible to the user
122                 while the Flutter UI initializes. After that, this theme continues
123                 to determine the Window background behind the Flutter UI.
124            -->
125            <meta-data
125-->src\main\AndroidManifest.xml:90:13-93:17
126                android:name="io.flutter.embedding.android.NormalTheme"
126-->src\main\AndroidManifest.xml:91:15-70
127                android:resource="@style/NormalTheme" />
127-->src\main\AndroidManifest.xml:92:15-52
128
129            <intent-filter>
129-->src\main\AndroidManifest.xml:94:13-97:29
130                <action android:name="android.intent.action.MAIN" />
130-->src\main\AndroidManifest.xml:95:17-68
130-->src\main\AndroidManifest.xml:95:25-66
131
132                <category android:name="android.intent.category.LAUNCHER" />
132-->src\main\AndroidManifest.xml:96:17-76
132-->src\main\AndroidManifest.xml:96:27-74
133            </intent-filter>
134
135            <!-- Deep linking -->
136            <meta-data
136-->src\main\AndroidManifest.xml:100:13-90
137                android:name="flutter_deeplinking_enabled"
137-->src\main\AndroidManifest.xml:100:24-66
138                android:value="true" />
138-->src\main\AndroidManifest.xml:100:67-87
139
140            <intent-filter android:autoVerify="true" >
140-->src\main\AndroidManifest.xml:101:13-107:29
140-->src\main\AndroidManifest.xml:101:28-53
141                <action android:name="android.intent.action.VIEW" />
141-->src\main\AndroidManifest.xml:7:9-61
141-->src\main\AndroidManifest.xml:7:17-58
142
143                <category android:name="android.intent.category.DEFAULT" />
143-->src\main\AndroidManifest.xml:103:17-76
143-->src\main\AndroidManifest.xml:103:27-73
144                <category android:name="android.intent.category.BROWSABLE" />
144-->src\main\AndroidManifest.xml:104:17-78
144-->src\main\AndroidManifest.xml:104:27-75
145
146                <data
147                    android:host="android.app.Application"
147-->src\main\AndroidManifest.xml:105:45-78
148                    android:pathPrefix="/"
148-->src\main\AndroidManifest.xml:105:79-101
149                    android:scheme="http" />
149-->src\main\AndroidManifest.xml:8:15-37
150                <data android:scheme="https" />
150-->src\main\AndroidManifest.xml:8:15-37
151            </intent-filter>
152        </activity>
153        <!--
154             Don't delete the meta-data below.
155             This is used by the Flutter tool to generate GeneratedPluginRegistrant.java
156        -->
157        <meta-data
157-->src\main\AndroidManifest.xml:111:9-113:33
158            android:name="flutterEmbedding"
158-->src\main\AndroidManifest.xml:112:13-44
159            android:value="2" />
159-->src\main\AndroidManifest.xml:113:13-30
160        <meta-data
160-->src\main\AndroidManifest.xml:114:9-116:59
161            android:name="com.google.firebase.messaging.default_notification_icon"
161-->src\main\AndroidManifest.xml:115:9-79
162            android:resource="@mipmap/ic_launcher_squircle" />
162-->src\main\AndroidManifest.xml:116:9-56
163        <!-- Sample AdMob app ID: ca-app-pub-3940256099942544~3347511713 -->
164        <meta-data
164-->src\main\AndroidManifest.xml:118:9-120:69
165            android:name="com.google.android.gms.ads.APPLICATION_ID"
165-->src\main\AndroidManifest.xml:119:13-69
166            android:value="ca-app-pub-3940256099942544~3347511713" />
166-->src\main\AndroidManifest.xml:120:13-67
167
168        <service
168-->[:firebase_dynamic_links] AndroidManifest.xml:12:9-16:19
169            android:name="com.google.firebase.components.ComponentDiscoveryService"
169-->[:firebase_dynamic_links] AndroidManifest.xml:12:18-89
170            android:directBootAware="true"
170-->[com.google.firebase:firebase-common:20.3.3] AndroidManifest.xml:34:13-43
171            android:exported="false" >
171-->[com.google.firebase:firebase-inappmessaging-display-ktx:20.3.2] AndroidManifest.xml:13:13-37
172            <meta-data
172-->[:firebase_dynamic_links] AndroidManifest.xml:13:13-15:85
173                android:name="com.google.firebase.components:io.flutter.plugins.firebase.dynamiclinks.FlutterFirebaseAppRegistrar"
173-->[:firebase_dynamic_links] AndroidManifest.xml:14:17-131
174                android:value="com.google.firebase.components.ComponentRegistrar" />
174-->[:firebase_dynamic_links] AndroidManifest.xml:15:17-82
175            <meta-data
175-->[:firebase_in_app_messaging] AndroidManifest.xml:11:13-13:85
176                android:name="com.google.firebase.components:io.flutter.plugins.firebase.inappmessaging.FlutterFirebaseAppRegistrar"
176-->[:firebase_in_app_messaging] AndroidManifest.xml:12:17-133
177                android:value="com.google.firebase.components.ComponentRegistrar" />
177-->[:firebase_in_app_messaging] AndroidManifest.xml:13:17-82
178            <meta-data
178-->[:firebase_messaging] AndroidManifest.xml:38:13-40:85
179                android:name="com.google.firebase.components:io.flutter.plugins.firebase.messaging.FlutterFirebaseAppRegistrar"
179-->[:firebase_messaging] AndroidManifest.xml:39:17-128
180                android:value="com.google.firebase.components.ComponentRegistrar" />
180-->[:firebase_messaging] AndroidManifest.xml:40:17-82
181            <meta-data
181-->[:firebase_core] AndroidManifest.xml:11:13-13:85
182                android:name="com.google.firebase.components:io.flutter.plugins.firebase.core.FlutterFirebaseCoreRegistrar"
182-->[:firebase_core] AndroidManifest.xml:12:17-124
183                android:value="com.google.firebase.components.ComponentRegistrar" />
183-->[:firebase_core] AndroidManifest.xml:13:17-82
184            <meta-data
184-->[com.google.firebase:firebase-inappmessaging-display-ktx:20.3.2] AndroidManifest.xml:14:13-16:85
185                android:name="com.google.firebase.components:com.google.firebase.inappmessaging.display.ktx.FirebaseInAppMessagingDisplayKtxRegistrar"
185-->[com.google.firebase:firebase-inappmessaging-display-ktx:20.3.2] AndroidManifest.xml:15:17-151
186                android:value="com.google.firebase.components.ComponentRegistrar" />
186-->[com.google.firebase:firebase-inappmessaging-display-ktx:20.3.2] AndroidManifest.xml:16:17-82
187            <meta-data
187-->[com.google.firebase:firebase-inappmessaging-ktx:20.3.2] AndroidManifest.xml:14:13-16:85
188                android:name="com.google.firebase.components:com.google.firebase.inappmessaging.ktx.FirebaseInAppMessagingKtxRegistrar"
188-->[com.google.firebase:firebase-inappmessaging-ktx:20.3.2] AndroidManifest.xml:15:17-136
189                android:value="com.google.firebase.components.ComponentRegistrar" />
189-->[com.google.firebase:firebase-inappmessaging-ktx:20.3.2] AndroidManifest.xml:16:17-82
190            <meta-data
190-->[com.google.firebase:firebase-common-ktx:20.3.3] AndroidManifest.xml:14:13-16:85
191                android:name="com.google.firebase.components:com.google.firebase.ktx.FirebaseCommonKtxRegistrar"
191-->[com.google.firebase:firebase-common-ktx:20.3.3] AndroidManifest.xml:15:17-113
192                android:value="com.google.firebase.components.ComponentRegistrar" />
192-->[com.google.firebase:firebase-common-ktx:20.3.3] AndroidManifest.xml:16:17-82
193            <meta-data
193-->[com.google.firebase:firebase-inappmessaging-display:20.3.2] AndroidManifest.xml:24:13-26:85
194                android:name="com.google.firebase.components:com.google.firebase.inappmessaging.display.FirebaseInAppMessagingDisplayRegistrar"
194-->[com.google.firebase:firebase-inappmessaging-display:20.3.2] AndroidManifest.xml:25:17-144
195                android:value="com.google.firebase.components.ComponentRegistrar" />
195-->[com.google.firebase:firebase-inappmessaging-display:20.3.2] AndroidManifest.xml:26:17-82
196            <meta-data
196-->[com.google.firebase:firebase-messaging:23.2.0] AndroidManifest.xml:55:13-57:85
197                android:name="com.google.firebase.components:com.google.firebase.messaging.FirebaseMessagingRegistrar"
197-->[com.google.firebase:firebase-messaging:23.2.0] AndroidManifest.xml:56:17-119
198                android:value="com.google.firebase.components.ComponentRegistrar" />
198-->[com.google.firebase:firebase-messaging:23.2.0] AndroidManifest.xml:57:17-82
199            <meta-data
199-->[com.google.firebase:firebase-dynamic-links:21.1.0] AndroidManifest.xml:26:13-28:85
200                android:name="com.google.firebase.components:com.google.firebase.dynamiclinks.internal.FirebaseDynamicLinkRegistrar"
200-->[com.google.firebase:firebase-dynamic-links:21.1.0] AndroidManifest.xml:27:17-133
201                android:value="com.google.firebase.components.ComponentRegistrar" />
201-->[com.google.firebase:firebase-dynamic-links:21.1.0] AndroidManifest.xml:28:17-82
202            <meta-data
202-->[com.google.firebase:firebase-inappmessaging:20.3.2] AndroidManifest.xml:16:13-18:85
203                android:name="com.google.firebase.components:com.google.firebase.inappmessaging.FirebaseInAppMessagingRegistrar"
203-->[com.google.firebase:firebase-inappmessaging:20.3.2] AndroidManifest.xml:17:17-129
204                android:value="com.google.firebase.components.ComponentRegistrar" />
204-->[com.google.firebase:firebase-inappmessaging:20.3.2] AndroidManifest.xml:18:17-82
205            <meta-data
205-->[com.google.firebase:firebase-datatransport:18.1.7] AndroidManifest.xml:27:13-29:85
206                android:name="com.google.firebase.components:com.google.firebase.datatransport.TransportRegistrar"
206-->[com.google.firebase:firebase-datatransport:18.1.7] AndroidManifest.xml:28:17-115
207                android:value="com.google.firebase.components.ComponentRegistrar" />
207-->[com.google.firebase:firebase-datatransport:18.1.7] AndroidManifest.xml:29:17-82
208            <meta-data
208-->[com.google.firebase:firebase-iid:21.1.0] AndroidManifest.xml:32:13-34:85
209                android:name="com.google.firebase.components:com.google.firebase.iid.Registrar"
209-->[com.google.firebase:firebase-iid:21.1.0] AndroidManifest.xml:33:17-96
210                android:value="com.google.firebase.components.ComponentRegistrar" />
210-->[com.google.firebase:firebase-iid:21.1.0] AndroidManifest.xml:34:17-82
211            <meta-data
211-->[com.google.firebase:firebase-installations:17.1.3] AndroidManifest.xml:17:13-19:85
212                android:name="com.google.firebase.components:com.google.firebase.installations.FirebaseInstallationsRegistrar"
212-->[com.google.firebase:firebase-installations:17.1.3] AndroidManifest.xml:18:17-127
213                android:value="com.google.firebase.components.ComponentRegistrar" />
213-->[com.google.firebase:firebase-installations:17.1.3] AndroidManifest.xml:19:17-82
214            <meta-data
214-->[com.google.firebase:firebase-abt:21.1.1] AndroidManifest.xml:12:13-14:85
215                android:name="com.google.firebase.components:com.google.firebase.abt.component.AbtRegistrar"
215-->[com.google.firebase:firebase-abt:21.1.1] AndroidManifest.xml:13:17-109
216                android:value="com.google.firebase.components.ComponentRegistrar" />
216-->[com.google.firebase:firebase-abt:21.1.1] AndroidManifest.xml:14:17-82
217        </service>
218        <service
218-->[:firebase_messaging] AndroidManifest.xml:16:9-19:72
219            android:name="io.flutter.plugins.firebase.messaging.FlutterFirebaseMessagingBackgroundService"
219-->[:firebase_messaging] AndroidManifest.xml:17:13-107
220            android:exported="false"
220-->[:firebase_messaging] AndroidManifest.xml:18:13-37
221            android:permission="android.permission.BIND_JOB_SERVICE" />
221-->[:firebase_messaging] AndroidManifest.xml:19:13-69
222        <service
222-->[:firebase_messaging] AndroidManifest.xml:20:9-26:19
223            android:name="io.flutter.plugins.firebase.messaging.FlutterFirebaseMessagingService"
223-->[:firebase_messaging] AndroidManifest.xml:21:13-97
224            android:exported="false" >
224-->[:firebase_messaging] AndroidManifest.xml:22:13-37
225            <intent-filter>
225-->[:firebase_messaging] AndroidManifest.xml:23:13-25:29
226                <action android:name="com.google.firebase.MESSAGING_EVENT" />
226-->[:firebase_messaging] AndroidManifest.xml:24:17-78
226-->[:firebase_messaging] AndroidManifest.xml:24:25-75
227            </intent-filter>
228        </service>
229
230        <receiver
230-->[:firebase_messaging] AndroidManifest.xml:28:9-35:20
231            android:name="io.flutter.plugins.firebase.messaging.FlutterFirebaseMessagingReceiver"
231-->[:firebase_messaging] AndroidManifest.xml:29:13-98
232            android:exported="true"
232-->[:firebase_messaging] AndroidManifest.xml:30:13-36
233            android:permission="com.google.android.c2dm.permission.SEND" >
233-->[:firebase_messaging] AndroidManifest.xml:31:13-73
234            <intent-filter>
234-->[:firebase_messaging] AndroidManifest.xml:32:13-34:29
235                <action android:name="com.google.android.c2dm.intent.RECEIVE" />
235-->[:firebase_messaging] AndroidManifest.xml:33:17-81
235-->[:firebase_messaging] AndroidManifest.xml:33:25-78
236            </intent-filter>
237        </receiver>
238
239        <provider
239-->[:firebase_messaging] AndroidManifest.xml:43:9-47:38
240            android:name="io.flutter.plugins.firebase.messaging.FlutterFirebaseMessagingInitProvider"
240-->[:firebase_messaging] AndroidManifest.xml:44:13-102
241            android:authorities="com.blizzex.user.flutterfirebasemessaginginitprovider"
241-->[:firebase_messaging] AndroidManifest.xml:45:13-88
242            android:exported="false"
242-->[:firebase_messaging] AndroidManifest.xml:46:13-37
243            android:initOrder="99" />
243-->[:firebase_messaging] AndroidManifest.xml:47:13-35
244
245        <receiver
245-->[:flutter_local_notifications] AndroidManifest.xml:16:9-18:40
246            android:name="com.dexterous.flutterlocalnotifications.ActionBroadcastReceiver"
246-->[:flutter_local_notifications] AndroidManifest.xml:17:13-91
247            android:exported="false" />
247-->[:flutter_local_notifications] AndroidManifest.xml:18:13-37
248        <receiver
248-->[:flutter_local_notifications] AndroidManifest.xml:19:9-21:40
249            android:name="com.dexterous.flutterlocalnotifications.ScheduledNotificationReceiver"
249-->[:flutter_local_notifications] AndroidManifest.xml:20:13-97
250            android:exported="false" />
250-->[:flutter_local_notifications] AndroidManifest.xml:21:13-37
251        <receiver
251-->[:flutter_local_notifications] AndroidManifest.xml:22:9-31:20
252            android:name="com.dexterous.flutterlocalnotifications.ScheduledNotificationBootReceiver"
252-->[:flutter_local_notifications] AndroidManifest.xml:23:13-101
253            android:exported="false" >
253-->[:flutter_local_notifications] AndroidManifest.xml:24:13-37
254            <intent-filter>
254-->[:flutter_local_notifications] AndroidManifest.xml:25:13-30:29
255                <action android:name="android.intent.action.BOOT_COMPLETED" />
255-->[:flutter_local_notifications] AndroidManifest.xml:26:17-79
255-->[:flutter_local_notifications] AndroidManifest.xml:26:25-76
256                <action android:name="android.intent.action.MY_PACKAGE_REPLACED" />
256-->[:flutter_local_notifications] AndroidManifest.xml:27:17-84
256-->[:flutter_local_notifications] AndroidManifest.xml:27:25-81
257                <action android:name="android.intent.action.QUICKBOOT_POWERON" />
257-->[:flutter_local_notifications] AndroidManifest.xml:28:17-82
257-->[:flutter_local_notifications] AndroidManifest.xml:28:25-79
258                <action android:name="com.htc.intent.action.QUICKBOOT_POWERON" />
258-->[:flutter_local_notifications] AndroidManifest.xml:29:17-82
258-->[:flutter_local_notifications] AndroidManifest.xml:29:25-79
259            </intent-filter>
260        </receiver>
261
262        <activity
262-->[:url_launcher_android] AndroidManifest.xml:10:9-13:74
263            android:name="io.flutter.plugins.urllauncher.WebViewActivity"
263-->[:url_launcher_android] AndroidManifest.xml:11:13-74
264            android:exported="false"
264-->[:url_launcher_android] AndroidManifest.xml:12:13-37
265            android:theme="@android:style/Theme.NoTitleBar.Fullscreen" />
265-->[:url_launcher_android] AndroidManifest.xml:13:13-71
266
267        <meta-data
267-->[:google_mobile_ads] AndroidManifest.xml:12:9-14:36
268            android:name="io.flutter.embedded_views_preview"
268-->[:google_mobile_ads] AndroidManifest.xml:13:13-61
269            android:value="true" />
269-->[:google_mobile_ads] AndroidManifest.xml:14:13-33
270
271        <activity
271-->[:flutter_inappwebview] AndroidManifest.xml:16:9-20:47
272            android:name="com.pichillilorenzo.flutter_inappwebview.in_app_browser.InAppBrowserActivity"
272-->[:flutter_inappwebview] AndroidManifest.xml:17:13-104
273            android:configChanges="orientation|keyboardHidden|keyboard|screenSize|locale|layoutDirection|fontScale|screenLayout|density"
273-->[:flutter_inappwebview] AndroidManifest.xml:18:13-137
274            android:exported="false"
274-->[:flutter_inappwebview] AndroidManifest.xml:19:13-37
275            android:theme="@style/AppTheme" />
275-->[:flutter_inappwebview] AndroidManifest.xml:20:13-44
276        <activity
276-->[:flutter_inappwebview] AndroidManifest.xml:21:9-24:55
277            android:name="com.pichillilorenzo.flutter_inappwebview.chrome_custom_tabs.ChromeCustomTabsActivity"
277-->[:flutter_inappwebview] AndroidManifest.xml:22:13-112
278            android:exported="false"
278-->[:flutter_inappwebview] AndroidManifest.xml:23:13-37
279            android:theme="@style/ThemeTransparent" />
279-->[:flutter_inappwebview] AndroidManifest.xml:24:13-52
280        <activity
280-->[:flutter_inappwebview] AndroidManifest.xml:25:9-28:55
281            android:name="com.pichillilorenzo.flutter_inappwebview.chrome_custom_tabs.TrustedWebActivity"
281-->[:flutter_inappwebview] AndroidManifest.xml:26:13-106
282            android:exported="false"
282-->[:flutter_inappwebview] AndroidManifest.xml:27:13-37
283            android:theme="@style/ThemeTransparent" />
283-->[:flutter_inappwebview] AndroidManifest.xml:28:13-52
284        <activity
284-->[:flutter_inappwebview] AndroidManifest.xml:29:9-33:55
285            android:name="com.pichillilorenzo.flutter_inappwebview.chrome_custom_tabs.ChromeCustomTabsActivitySingleInstance"
285-->[:flutter_inappwebview] AndroidManifest.xml:30:13-126
286            android:exported="false"
286-->[:flutter_inappwebview] AndroidManifest.xml:31:13-37
287            android:launchMode="singleInstance"
287-->[:flutter_inappwebview] AndroidManifest.xml:32:13-48
288            android:theme="@style/ThemeTransparent" />
288-->[:flutter_inappwebview] AndroidManifest.xml:33:13-52
289        <activity
289-->[:flutter_inappwebview] AndroidManifest.xml:34:9-38:55
290            android:name="com.pichillilorenzo.flutter_inappwebview.chrome_custom_tabs.TrustedWebActivitySingleInstance"
290-->[:flutter_inappwebview] AndroidManifest.xml:35:13-120
291            android:exported="false"
291-->[:flutter_inappwebview] AndroidManifest.xml:36:13-37
292            android:launchMode="singleInstance"
292-->[:flutter_inappwebview] AndroidManifest.xml:37:13-48
293            android:theme="@style/ThemeTransparent" />
293-->[:flutter_inappwebview] AndroidManifest.xml:38:13-52
294
295        <receiver
295-->[:flutter_inappwebview] AndroidManifest.xml:40:9-43:40
296            android:name="com.pichillilorenzo.flutter_inappwebview.chrome_custom_tabs.ActionBroadcastReceiver"
296-->[:flutter_inappwebview] AndroidManifest.xml:41:13-111
297            android:enabled="true"
297-->[:flutter_inappwebview] AndroidManifest.xml:42:13-35
298            android:exported="false" />
298-->[:flutter_inappwebview] AndroidManifest.xml:43:13-37